#
# There is insufficient memory for the Java Runtime Environment to continue.
# Native memory allocation (malloc) failed to allocate 32744 bytes for Chunk::new
# Possible reasons:
#   The system is out of physical RAM or swap space
#   The process is running with CompressedOops enabled, and the Java Heap may be blocking the growth of the native heap
# Possible solutions:
#   Reduce memory load on the system
#   Increase physical memory or swap space
#   Check if swap backing store is full
#   Decrease Java heap size (-Xmx/-Xms)
#   Decrease number of Java threads
#   Decrease Java thread stack sizes (-Xss)
#   Set larger code cache with -XX:ReservedCodeCacheSize=
#   JVM is running with Unscaled Compressed Oops mode in which the Java heap is
#     placed in the first 4GB address space. The Java Heap base address is the
#     maximum limit for the native heap growth. Please use -XX:HeapBaseMinAddress
#     to set the Java Heap base and to place the Java Heap above 4GB virtual address.
# This output file may be truncated or incomplete.
#
#  Out of Memory Error (arena.cpp:184), pid=29964, tid=27896
#
# JRE version: Java(TM) SE Runtime Environment (19.0+36) (build 19+36-2238)
# Java VM: Java HotSpot(TM) 64-Bit Server VM (19+36-2238, mixed mode, sharing, tiered, compressed oops, compressed class ptrs, g1 gc, windows-amd64)
# No core dump will be written. Minidumps are not enabled by default on client versions of Windows
#

---------------  S U M M A R Y ------------

Command Line: -Dfile.encoding=UTF-8 -XX:+ShowCodeDetailsInExceptionMessages cucumber.api.cli.Main C:/Users/HP/eclipse-workspace/automation_suite/src/test/java/automation_suite/feature/Test_Login_D001.feature --glue classpath: --plugin pretty --monochrome

Host: Intel(R) Core(TM) i3-7100U CPU @ 2.40GHz, 4 cores, 3G,  Windows 10 , 64 bit Build 19041 (10.0.19041.3636)
Time: Thu Jun 20 23:08:23 2024 India Standard Time elapsed time: 2.150291 seconds (0d 0h 0m 2s)

---------------  T H R E A D  ---------------

Current thread (0x000002e626adbb60):  JavaThread "main" [_thread_in_vm, id=27896, stack(0x000000fffbc00000,0x000000fffbd00000)]

Stack: [0x000000fffbc00000,0x000000fffbd00000]
Native frames: (J=compiled Java code, j=interpreted, Vv=VM code, C=native code)
V  [jvm.dll+0x6ee8fa]
V  [jvm.dll+0x857a1e]
V  [jvm.dll+0x85940e]
V  [jvm.dll+0x859ac3]
V  [jvm.dll+0x28291f]
V  [jvm.dll+0xc9b5f]
V  [jvm.dll+0xc9ee5]
V  [jvm.dll+0x2169b3]
V  [jvm.dll+0x2160bd]
V  [jvm.dll+0x5aa300]
V  [jvm.dll+0x7cd948]
V  [jvm.dll+0x7cd86a]
V  [jvm.dll+0x46b72d]
V  [jvm.dll+0x47d90d]
C  [java.dll+0x1657]

Java frames: (J=compiled Java code, j=interpreted, Vv=VM code)
j  java.lang.ClassLoader.defineClass0(Ljava/lang/ClassLoader;Ljava/lang/Class;Ljava/lang/String;[BIILjava/security/ProtectionDomain;ZILjava/lang/Object;)Ljava/lang/Class;+0 java.base@19
j  java.lang.System$2.defineClass(Ljava/lang/ClassLoader;Ljava/lang/Class;Ljava/lang/String;[BLjava/security/ProtectionDomain;ZILjava/lang/Object;)Ljava/lang/Class;+17 java.base@19
j  java.lang.invoke.MethodHandles$Lookup$ClassDefiner.defineClass(ZLjava/lang/Object;)Ljava/lang/Class;+54 java.base@19
j  java.lang.invoke.InvokerBytecodeGenerator.loadMethod([B)Ljava/lang/invoke/MemberName;+19 java.base@19
j  java.lang.invoke.InvokerBytecodeGenerator.generateCustomizedCode(Ljava/lang/invoke/LambdaForm;Ljava/lang/invoke/MethodType;)Ljava/lang/invoke/MemberName;+30 java.base@19
j  java.lang.invoke.LambdaForm.compileToBytecode()V+69 java.base@19
j  java.lang.invoke.LambdaForm.prepare()V+21 java.base@19
j  java.lang.invoke.MethodHandle.<init>(Ljava/lang/invoke/MethodType;Ljava/lang/invoke/LambdaForm;)V+33 java.base@19
j  java.lang.invoke.BoundMethodHandle.<init>(Ljava/lang/invoke/MethodType;Ljava/lang/invoke/LambdaForm;)V+3 java.base@19
j  java.lang.invoke.BoundMethodHandle$Species_LLJ.<init>(Ljava/lang/invoke/MethodType;Ljava/lang/invoke/LambdaForm;Ljava/lang/Object;Ljava/lang/Object;J)V+3 java.base@19
j  java.lang.invoke.BoundMethodHandle$Species_LLJ.make(Ljava/lang/invoke/MethodType;Ljava/lang/invoke/LambdaForm;Ljava/lang/Object;Ljava/lang/Object;J)Ljava/lang/invoke/BoundMethodHandle;+10 java.base@19
j  java.lang.invoke.DirectMethodHandle$Holder.invokeStatic(Ljava/lang/Object;Ljava/lang/Object;Ljava/lang/Object;Ljava/lang/Object;Ljava/lang/Object;J)Ljava/lang/Object;+18 java.base@19
j  java.lang.invoke.BoundMethodHandle$Species_LL.copyWithExtendJ(Ljava/lang/invoke/MethodType;Ljava/lang/invoke/LambdaForm;J)Ljava/lang/invoke/BoundMethodHandle;+18 java.base@19
j  java.lang.invoke.LambdaFormEditor.bindArgumentJ(Ljava/lang/invoke/BoundMethodHandle;IJ)Ljava/lang/invoke/BoundMethodHandle;+55 java.base@19
j  java.lang.invoke.BoundMethodHandle.bindArgumentJ(IJ)Ljava/lang/invoke/BoundMethodHandle;+7 java.base@19
j  java.lang.invoke.MethodHandles.insertArgumentPrimitive(Ljava/lang/invoke/BoundMethodHandle;ILjava/lang/Class;Ljava/lang/Object;)Ljava/lang/invoke/BoundMethodHandle;+76 java.base@19
j  java.lang.invoke.MethodHandles.insertArguments(Ljava/lang/invoke/MethodHandle;I[Ljava/lang/Object;)Ljava/lang/invoke/MethodHandle;+62 java.base@19
j  java.lang.invoke.StringConcatFactory.foldInLastMixers(Ljava/lang/invoke/MethodHandle;JI[Ljava/lang/Class;I)Ljava/lang/invoke/MethodHandle;+153 java.base@19
j  java.lang.invoke.StringConcatFactory.filterAndFoldInMixers(Ljava/lang/invoke/MethodHandle;J[Ljava/lang/Class;)Ljava/lang/invoke/MethodHandle;+85 java.base@19
j  java.lang.invoke.StringConcatFactory.generateMHInlineCopy(Ljava/lang/invoke/MethodType;[Ljava/lang/String;)Ljava/lang/invoke/MethodHandle;+418 java.base@19
j  java.lang.invoke.StringConcatFactory.makeConcatWithConstants(Ljava/lang/invoke/MethodHandles$Lookup;Ljava/lang/String;Ljava/lang/invoke/MethodType;Ljava/lang/String;[Ljava/lang/Object;)Ljava/lang/invoke/CallSite;+220 java.base@19
j  java.lang.invoke.DirectMethodHandle$Holder.invokeStatic(Ljava/lang/Object;Ljava/lang/Object;Ljava/lang/Object;Ljava/lang/Object;Ljava/lang/Object;Ljava/lang/Object;)Ljava/lang/Object;+18 java.base@19
j  java.lang.invoke.DelegatingMethodHandle$Holder.delegate(Ljava/lang/Object;Ljava/lang/Object;Ljava/lang/Object;Ljava/lang/Object;Ljava/lang/Object;Ljava/lang/Object;)Ljava/lang/Object;+21 java.base@19
j  java.lang.invoke.Invokers$Holder.invokeExact_MT(Ljava/lang/Object;Ljava/lang/Object;Ljava/lang/Object;Ljava/lang/Object;Ljava/lang/Object;Ljava/lang/Object;Ljava/lang/Object;)Ljava/lang/Object;+26 java.base@19
j  java.lang.invoke.BootstrapMethodInvoker.invoke(Ljava/lang/Class;Ljava/lang/invoke/MethodHandle;Ljava/lang/String;Ljava/lang/Object;Ljava/lang/Object;Ljava/lang/Class;)Ljava/lang/Object;+157 java.base@19
j  java.lang.invoke.CallSite.makeSite(Ljava/lang/invoke/MethodHandle;Ljava/lang/String;Ljava/lang/invoke/MethodType;Ljava/lang/Object;Ljava/lang/Class;)Ljava/lang/invoke/CallSite;+8 java.base@19
j  java.lang.invoke.MethodHandleNatives.linkCallSiteImpl(Ljava/lang/Class;Ljava/lang/invoke/MethodHandle;Ljava/lang/String;Ljava/lang/invoke/MethodType;Ljava/lang/Object;[Ljava/lang/Object;)Ljava/lang/invoke/MemberName;+6 java.base@19
j  java.lang.invoke.MethodHandleNatives.linkCallSite(Ljava/lang/Object;Ljava/lang/Object;Ljava/lang/Object;Ljava/lang/Object;Ljava/lang/Object;[Ljava/lang/Object;)Ljava/lang/invoke/MemberName;+45 java.base@19
v  ~StubRoutines::call_stub 0x000002e635f5100e
j  java.util.logging.SimpleFormatter.format(Ljava/util/logging/LogRecord;)Ljava/lang/String;+35 java.logging@19
j  java.util.logging.StreamHandler.publish(Ljava/util/logging/LogRecord;)V+14 java.logging@19
j  java.util.logging.ConsoleHandler.publish(Ljava/util/logging/LogRecord;)V+2 java.logging@19
j  java.util.logging.Logger.log(Ljava/util/logging/LogRecord;)V+90 java.logging@19
j  io.cucumber.core.logging.LoggerFactory$DelegatingLogger.log(Ljava/util/logging/Level;Ljava/lang/Throwable;Ljava/util/function/Supplier;)V+39
j  io.cucumber.core.logging.LoggerFactory$DelegatingLogger.warn(Ljava/util/function/Supplier;)V+6
j  cucumber.api.cli.Main.run([Ljava/lang/String;Ljava/lang/ClassLoader;)B+8
j  cucumber.api.cli.Main.main([Ljava/lang/String;)V+7
v  ~StubRoutines::call_stub 0x000002e635f5100e

---------------  P R O C E S S  ---------------

Threads class SMR info:
_java_thread_list=0x000002e646871af0, length=12, elements={
0x000002e626adbb60, 0x000002e6423f7fc0, 0x000002e6423fa980, 0x000002e6423fc910,
0x000002e642400360, 0x000002e6424015d0, 0x000002e642402b20, 0x000002e6424041a0,
0x000002e642412c80, 0x000002e642427bc0, 0x000002e64689dd00, 0x000002e6468a0230
}

Java Threads: ( => current thread )
=>0x000002e626adbb60 JavaThread "main" [_thread_in_vm, id=27896, stack(0x000000fffbc00000,0x000000fffbd00000)]
  0x000002e6423f7fc0 JavaThread "Reference Handler" daemon [_thread_blocked, id=28564, stack(0x000000fffc300000,0x000000fffc400000)]
  0x000002e6423fa980 JavaThread "Finalizer" daemon [_thread_blocked, id=27708, stack(0x000000fffc400000,0x000000fffc500000)]
  0x000002e6423fc910 JavaThread "Signal Dispatcher" daemon [_thread_blocked, id=29748, stack(0x000000fffc500000,0x000000fffc600000)]
  0x000002e642400360 JavaThread "Attach Listener" daemon [_thread_blocked, id=26876, stack(0x000000fffc600000,0x000000fffc700000)]
  0x000002e6424015d0 JavaThread "Service Thread" daemon [_thread_blocked, id=26948, stack(0x000000fffc700000,0x000000fffc800000)]
  0x000002e642402b20 JavaThread "Monitor Deflation Thread" daemon [_thread_blocked, id=13884, stack(0x000000fffc800000,0x000000fffc900000)]
  0x000002e6424041a0 JavaThread "C2 CompilerThread0" daemon [_thread_in_native, id=29212, stack(0x000000fffc900000,0x000000fffca00000)]
  0x000002e642412c80 JavaThread "C1 CompilerThread0" daemon [_thread_blocked, id=15468, stack(0x000000fffca00000,0x000000fffcb00000)]
  0x000002e642427bc0 JavaThread "Sweeper thread" daemon [_thread_blocked, id=30060, stack(0x000000fffcb00000,0x000000fffcc00000)]
  0x000002e64689dd00 JavaThread "Notification Thread" daemon [_thread_blocked, id=26212, stack(0x000000fffcc00000,0x000000fffcd00000)]
  0x000002e6468a0230 JavaThread "Common-Cleaner" daemon [_thread_blocked, id=19440, stack(0x000000fffce00000,0x000000fffcf00000)]

Other Threads:
  0x000002e6423dcc50 VMThread "VM Thread" [stack: 0x000000fffc200000,0x000000fffc300000] [id=16944]
  0x000002e6468a5650 WatcherThread "VM Periodic Task Thread" [stack: 0x000000fffcd00000,0x000000fffce00000] [id=19980]
  0x000002e626b1b440 WorkerThread "GC Thread#0" [stack: 0x000000fffbd00000,0x000000fffbe00000] [id=24892]
  0x000002e626b24a20 ConcurrentGCThread "G1 Main Marker" [stack: 0x000000fffbe00000,0x000000fffbf00000] [id=21732]
  0x000002e626b25450 WorkerThread "G1 Conc#0" [stack: 0x000000fffbf00000,0x000000fffc000000] [id=3032]
  0x000002e626b79560 ConcurrentGCThread "G1 Refine#0" [stack: 0x000000fffc000000,0x000000fffc100000] [id=30536]
  0x000002e626b7ca00 ConcurrentGCThread "G1 Service" [stack: 0x000000fffc100000,0x000000fffc200000] [id=27192]

Threads with active compile tasks:
C2 CompilerThread0     2207  463       4       java.lang.String::hashCode (60 bytes)

VM state: not at safepoint (normal execution)

VM Mutex/Monitor currently owned by a thread: None

Heap address: 0x00000000c1600000, size: 1002 MB, Compressed Oops mode: 32-bit

CDS archive(s) mapped at: [0x0000000800000000-0x0000000800c40000-0x0000000800c40000), size 12845056, SharedBaseAddress: 0x0000000800000000, ArchiveRelocationMode: 0.
Compressed class space mapped at: 0x0000000801000000-0x0000000841000000, reserved size: 1073741824
Narrow klass base: 0x0000000800000000, Narrow klass shift: 0, Narrow klass range: 0x100000000

GC Precious Log:
 CardTable entry size: 512
 Card Set container configuration: InlinePtr #cards 5 size 8 Array Of Cards #cards 12 size 40 Howl #buckets 4 coarsen threshold 1843 Howl Bitmap #cards 512 size 80 coarsen threshold 460 Card regions per heap region 1 cards per card region 2048
 CPUs: 4 total, 4 available
 Memory: 4007M
 Large Page Support: Disabled
 NUMA Support: Disabled
 Compressed Oops: Enabled (32-bit)
 Heap Region Size: 1M
 Heap Min Capacity: 8M
 Heap Initial Capacity: 64M
 Heap Max Capacity: 1002M
 Pre-touch: Disabled
 Parallel Workers: 4
 Concurrent Workers: 1
 Concurrent Refinement Workers: 4
 Periodic GC: Disabled

Heap:
 garbage-first heap   total 65536K, used 9216K [0x00000000c1600000, 0x0000000100000000)
  region size 1024K, 9 young (9216K), 0 survivors (0K)
 Metaspace       used 803K, committed 960K, reserved 1114112K
  class space    used 48K, committed 128K, reserved 1048576K

Heap Regions: E=young(eden), S=young(survivor), O=old, HS=humongous(starts), HC=humongous(continues), CS=collection set, F=free, OA=open archive, CA=closed archive, TAMS=top-at-mark-start (previous, next)
|   0|0x00000000c1600000, 0x00000000c1700000, 0x00000000c1700000|100%|HS|  |TAMS 0x00000000c1600000, 0x00000000c1600000| Complete 
|   1|0x00000000c1700000, 0x00000000c1800000, 0x00000000c1800000|100%|HS|  |TAMS 0x00000000c1700000, 0x00000000c1700000| Complete 
|   2|0x00000000c1800000, 0x00000000c1800000, 0x00000000c1900000|  0%| F|  |TAMS 0x00000000c1800000, 0x00000000c1800000| Untracked 
|   3|0x00000000c1900000, 0x00000000c1900000, 0x00000000c1a00000|  0%| F|  |TAMS 0x00000000c1900000, 0x00000000c1900000| Untracked 
|   4|0x00000000c1a00000, 0x00000000c1a00000, 0x00000000c1b00000|  0%| F|  |TAMS 0x00000000c1a00000, 0x00000000c1a00000| Untracked 
|   5|0x00000000c1b00000, 0x00000000c1b00000, 0x00000000c1c00000|  0%| F|  |TAMS 0x00000000c1b00000, 0x00000000c1b00000| Untracked 
|   6|0x00000000c1c00000, 0x00000000c1c00000, 0x00000000c1d00000|  0%| F|  |TAMS 0x00000000c1c00000, 0x00000000c1c00000| Untracked 
|   7|0x00000000c1d00000, 0x00000000c1d00000, 0x00000000c1e00000|  0%| F|  |TAMS 0x00000000c1d00000, 0x00000000c1d00000| Untracked 
|   8|0x00000000c1e00000, 0x00000000c1e00000, 0x00000000c1f00000|  0%| F|  |TAMS 0x00000000c1e00000, 0x00000000c1e00000| Untracked 
|   9|0x00000000c1f00000, 0x00000000c1f00000, 0x00000000c2000000|  0%| F|  |TAMS 0x00000000c1f00000, 0x00000000c1f00000| Untracked 
|  10|0x00000000c2000000, 0x00000000c2000000, 0x00000000c2100000|  0%| F|  |TAMS 0x00000000c2000000, 0x00000000c2000000| Untracked 
|  11|0x00000000c2100000, 0x00000000c2100000, 0x00000000c2200000|  0%| F|  |TAMS 0x00000000c2100000, 0x00000000c2100000| Untracked 
|  12|0x00000000c2200000, 0x00000000c2200000, 0x00000000c2300000|  0%| F|  |TAMS 0x00000000c2200000, 0x00000000c2200000| Untracked 
|  13|0x00000000c2300000, 0x00000000c2300000, 0x00000000c2400000|  0%| F|  |TAMS 0x00000000c2300000, 0x00000000c2300000| Untracked 
|  14|0x00000000c2400000, 0x00000000c2400000, 0x00000000c2500000|  0%| F|  |TAMS 0x00000000c2400000, 0x00000000c2400000| Untracked 
|  15|0x00000000c2500000, 0x00000000c2500000, 0x00000000c2600000|  0%| F|  |TAMS 0x00000000c2500000, 0x00000000c2500000| Untracked 
|  16|0x00000000c2600000, 0x00000000c2600000, 0x00000000c2700000|  0%| F|  |TAMS 0x00000000c2600000, 0x00000000c2600000| Untracked 
|  17|0x00000000c2700000, 0x00000000c2700000, 0x00000000c2800000|  0%| F|  |TAMS 0x00000000c2700000, 0x00000000c2700000| Untracked 
|  18|0x00000000c2800000, 0x00000000c2800000, 0x00000000c2900000|  0%| F|  |TAMS 0x00000000c2800000, 0x00000000c2800000| Untracked 
|  19|0x00000000c2900000, 0x00000000c2900000, 0x00000000c2a00000|  0%| F|  |TAMS 0x00000000c2900000, 0x00000000c2900000| Untracked 
|  20|0x00000000c2a00000, 0x00000000c2a00000, 0x00000000c2b00000|  0%| F|  |TAMS 0x00000000c2a00000, 0x00000000c2a00000| Untracked 
|  21|0x00000000c2b00000, 0x00000000c2b00000, 0x00000000c2c00000|  0%| F|  |TAMS 0x00000000c2b00000, 0x00000000c2b00000| Untracked 
|  22|0x00000000c2c00000, 0x00000000c2c00000, 0x00000000c2d00000|  0%| F|  |TAMS 0x00000000c2c00000, 0x00000000c2c00000| Untracked 
|  23|0x00000000c2d00000, 0x00000000c2d00000, 0x00000000c2e00000|  0%| F|  |TAMS 0x00000000c2d00000, 0x00000000c2d00000| Untracked 
|  24|0x00000000c2e00000, 0x00000000c2e00000, 0x00000000c2f00000|  0%| F|  |TAMS 0x00000000c2e00000, 0x00000000c2e00000| Untracked 
|  25|0x00000000c2f00000, 0x00000000c2f00000, 0x00000000c3000000|  0%| F|  |TAMS 0x00000000c2f00000, 0x00000000c2f00000| Untracked 
|  26|0x00000000c3000000, 0x00000000c3000000, 0x00000000c3100000|  0%| F|  |TAMS 0x00000000c3000000, 0x00000000c3000000| Untracked 
|  27|0x00000000c3100000, 0x00000000c3100000, 0x00000000c3200000|  0%| F|  |TAMS 0x00000000c3100000, 0x00000000c3100000| Untracked 
|  28|0x00000000c3200000, 0x00000000c3200000, 0x00000000c3300000|  0%| F|  |TAMS 0x00000000c3200000, 0x00000000c3200000| Untracked 
|  29|0x00000000c3300000, 0x00000000c3300000, 0x00000000c3400000|  0%| F|  |TAMS 0x00000000c3300000, 0x00000000c3300000| Untracked 
|  30|0x00000000c3400000, 0x00000000c3400000, 0x00000000c3500000|  0%| F|  |TAMS 0x00000000c3400000, 0x00000000c3400000| Untracked 
|  31|0x00000000c3500000, 0x00000000c3500000, 0x00000000c3600000|  0%| F|  |TAMS 0x00000000c3500000, 0x00000000c3500000| Untracked 
|  32|0x00000000c3600000, 0x00000000c3600000, 0x00000000c3700000|  0%| F|  |TAMS 0x00000000c3600000, 0x00000000c3600000| Untracked 
|  33|0x00000000c3700000, 0x00000000c3700000, 0x00000000c3800000|  0%| F|  |TAMS 0x00000000c3700000, 0x00000000c3700000| Untracked 
|  34|0x00000000c3800000, 0x00000000c3800000, 0x00000000c3900000|  0%| F|  |TAMS 0x00000000c3800000, 0x00000000c3800000| Untracked 
|  35|0x00000000c3900000, 0x00000000c3900000, 0x00000000c3a00000|  0%| F|  |TAMS 0x00000000c3900000, 0x00000000c3900000| Untracked 
|  36|0x00000000c3a00000, 0x00000000c3a00000, 0x00000000c3b00000|  0%| F|  |TAMS 0x00000000c3a00000, 0x00000000c3a00000| Untracked 
|  37|0x00000000c3b00000, 0x00000000c3b00000, 0x00000000c3c00000|  0%| F|  |TAMS 0x00000000c3b00000, 0x00000000c3b00000| Untracked 
|  38|0x00000000c3c00000, 0x00000000c3c00000, 0x00000000c3d00000|  0%| F|  |TAMS 0x00000000c3c00000, 0x00000000c3c00000| Untracked 
|  39|0x00000000c3d00000, 0x00000000c3d00000, 0x00000000c3e00000|  0%| F|  |TAMS 0x00000000c3d00000, 0x00000000c3d00000| Untracked 
|  40|0x00000000c3e00000, 0x00000000c3e00000, 0x00000000c3f00000|  0%| F|  |TAMS 0x00000000c3e00000, 0x00000000c3e00000| Untracked 
|  41|0x00000000c3f00000, 0x00000000c3f00000, 0x00000000c4000000|  0%| F|  |TAMS 0x00000000c3f00000, 0x00000000c3f00000| Untracked 
|  42|0x00000000c4000000, 0x00000000c4000000, 0x00000000c4100000|  0%| F|  |TAMS 0x00000000c4000000, 0x00000000c4000000| Untracked 
|  43|0x00000000c4100000, 0x00000000c4100000, 0x00000000c4200000|  0%| F|  |TAMS 0x00000000c4100000, 0x00000000c4100000| Untracked 
|  44|0x00000000c4200000, 0x00000000c4200000, 0x00000000c4300000|  0%| F|  |TAMS 0x00000000c4200000, 0x00000000c4200000| Untracked 
|  45|0x00000000c4300000, 0x00000000c4300000, 0x00000000c4400000|  0%| F|  |TAMS 0x00000000c4300000, 0x00000000c4300000| Untracked 
|  46|0x00000000c4400000, 0x00000000c4400000, 0x00000000c4500000|  0%| F|  |TAMS 0x00000000c4400000, 0x00000000c4400000| Untracked 
|  47|0x00000000c4500000, 0x00000000c4500000, 0x00000000c4600000|  0%| F|  |TAMS 0x00000000c4500000, 0x00000000c4500000| Untracked 
|  48|0x00000000c4600000, 0x00000000c4600000, 0x00000000c4700000|  0%| F|  |TAMS 0x00000000c4600000, 0x00000000c4600000| Untracked 
|  49|0x00000000c4700000, 0x00000000c4700000, 0x00000000c4800000|  0%| F|  |TAMS 0x00000000c4700000, 0x00000000c4700000| Untracked 
|  50|0x00000000c4800000, 0x00000000c4800000, 0x00000000c4900000|  0%| F|  |TAMS 0x00000000c4800000, 0x00000000c4800000| Untracked 
|  51|0x00000000c4900000, 0x00000000c4900000, 0x00000000c4a00000|  0%| F|  |TAMS 0x00000000c4900000, 0x00000000c4900000| Untracked 
|  52|0x00000000c4a00000, 0x00000000c4a00000, 0x00000000c4b00000|  0%| F|  |TAMS 0x00000000c4a00000, 0x00000000c4a00000| Untracked 
|  53|0x00000000c4b00000, 0x00000000c4b00000, 0x00000000c4c00000|  0%| F|  |TAMS 0x00000000c4b00000, 0x00000000c4b00000| Untracked 
|  54|0x00000000c4c00000, 0x00000000c4c00000, 0x00000000c4d00000|  0%| F|  |TAMS 0x00000000c4c00000, 0x00000000c4c00000| Untracked 
|  55|0x00000000c4d00000, 0x00000000c4dd2550, 0x00000000c4e00000| 82%| E|  |TAMS 0x00000000c4d00000, 0x00000000c4d00000| Complete 
|  56|0x00000000c4e00000, 0x00000000c4f00000, 0x00000000c4f00000|100%| E|CS|TAMS 0x00000000c4e00000, 0x00000000c4e00000| Complete 
|  57|0x00000000c4f00000, 0x00000000c5000000, 0x00000000c5000000|100%| E|  |TAMS 0x00000000c4f00000, 0x00000000c4f00000| Complete 
|  58|0x00000000c5000000, 0x00000000c5100000, 0x00000000c5100000|100%| E|CS|TAMS 0x00000000c5000000, 0x00000000c5000000| Complete 
|  59|0x00000000c5100000, 0x00000000c5200000, 0x00000000c5200000|100%| E|CS|TAMS 0x00000000c5100000, 0x00000000c5100000| Complete 
|  60|0x00000000c5200000, 0x00000000c5300000, 0x00000000c5300000|100%| E|CS|TAMS 0x00000000c5200000, 0x00000000c5200000| Complete 
|  61|0x00000000c5300000, 0x00000000c5400000, 0x00000000c5400000|100%| E|CS|TAMS 0x00000000c5300000, 0x00000000c5300000| Complete 
|  62|0x00000000c5400000, 0x00000000c5500000, 0x00000000c5500000|100%| E|CS|TAMS 0x00000000c5400000, 0x00000000c5400000| Complete 
|  63|0x00000000c5500000, 0x00000000c5600000, 0x00000000c5600000|100%| E|CS|TAMS 0x00000000c5500000, 0x00000000c5500000| Complete 

Card table byte_map: [0x000002e63dc20000,0x000002e63de20000] _byte_map_base: 0x000002e63d615000

Marking Bits (Prev, Next): (CMBitMap*) 0x000002e626b1ba70, (CMBitMap*) 0x000002e626b1bab0
 Prev Bits: [0x000002e63e020000, 0x000002e63efc8000)
 Next Bits: [0x000002e63efd0000, 0x000002e63ff78000)

Polling page: 0x000002e626290000

Metaspace:

Usage:
  Non-class:    754.49 KB used.
      Class:     48.80 KB used.
       Both:    803.30 KB used.

Virtual space:
  Non-class space:       64.00 MB reserved,     832.00 KB (  1%) committed,  1 nodes.
      Class space:        1.00 GB reserved,     128.00 KB ( <1%) committed,  1 nodes.
             Both:        1.06 GB reserved,     960.00 KB ( <1%) committed. 

Chunk freelists:
   Non-Class:  3.96 MB
       Class:  3.73 MB
        Both:  7.69 MB

MaxMetaspaceSize: unlimited
CompressedClassSpaceSize: 1.00 GB
Initial GC threshold: 21.00 MB
Current GC threshold: 21.00 MB
CDS: on
MetaspaceReclaimPolicy: balanced
 - commit_granule_bytes: 65536.
 - commit_granule_words: 8192.
 - virtual_space_node_default_size: 8388608.
 - enlarge_chunks_in_place: 1.
 - new_chunks_are_fully_committed: 0.
 - uncommit_free_chunks: 1.
 - use_allocation_guard: 0.


Internal statistics:

num_allocs_failed_limit: 0.
num_arena_births: 32.
num_arena_deaths: 0.
num_vsnodes_births: 2.
num_vsnodes_deaths: 0.
num_space_committed: 15.
num_space_uncommitted: 0.
num_chunks_returned_to_freelist: 0.
num_chunks_taken_from_freelist: 35.
num_chunk_merges: 0.
num_chunk_splits: 24.
num_chunks_enlarged: 16.
num_inconsistent_stats: 0.

CodeHeap 'non-profiled nmethods': size=120000Kb used=149Kb max_used=149Kb free=119850Kb
 bounds [0x000002e6364f0000, 0x000002e636760000, 0x000002e63da20000]
CodeHeap 'profiled nmethods': size=120000Kb used=761Kb max_used=761Kb free=119238Kb
 bounds [0x000002e62ea20000, 0x000002e62ec90000, 0x000002e635f50000]
CodeHeap 'non-nmethods': size=5760Kb used=1218Kb max_used=1231Kb free=4541Kb
 bounds [0x000002e635f50000, 0x000002e6361c0000, 0x000002e6364f0000]
 total_blobs=898 nmethods=477 adapters=332
 compilation: enabled
              stopped_count=0, restarted_count=0
 full_count=0

Compilation events (20 events):
Event: 2.134 Thread 0x000002e642412c80  456       3       jdk.internal.org.objectweb.asm.ByteVector::putByte (39 bytes)
Event: 2.134 Thread 0x000002e642412c80 nmethod 456 0x000002e62eacd890 code [0x000002e62eacda40, 0x000002e62eacdc28]
Event: 2.134 Thread 0x000002e642412c80  457       3       jdk.internal.org.objectweb.asm.SymbolTable::addConstantUtf8 (98 bytes)
Event: 2.135 Thread 0x000002e642412c80 nmethod 457 0x000002e62eacdd90 code [0x000002e62eacdfc0, 0x000002e62eace5b8]
Event: 2.135 Thread 0x000002e642412c80  460       3       java.lang.invoke.LambdaForm$BasicType::basicType (187 bytes)
Event: 2.135 Thread 0x000002e6424041a0  463       4       java.lang.String::hashCode (60 bytes)
Event: 2.136 Thread 0x000002e642412c80 nmethod 460 0x000002e62eace910 code [0x000002e62eaceba0, 0x000002e62eacf658]
Event: 2.136 Thread 0x000002e642412c80  465       3       jdk.internal.org.objectweb.asm.ByteVector::putShort (52 bytes)
Event: 2.136 Thread 0x000002e642412c80 nmethod 465 0x000002e62eacf910 code [0x000002e62eacfac0, 0x000002e62eacfcc8]
Event: 2.136 Thread 0x000002e642412c80  461       3       java.lang.invoke.LambdaForm$BasicType::basicType (8 bytes)
Event: 2.137 Thread 0x000002e642412c80 nmethod 461 0x000002e62eacfe10 code [0x000002e62eacffe0, 0x000002e62ead0218]
Event: 2.137 Thread 0x000002e642412c80  462       3       sun.invoke.util.Wrapper::basicTypeChar (18 bytes)
Event: 2.137 Thread 0x000002e642412c80 nmethod 462 0x000002e62ead0310 code [0x000002e62ead04c0, 0x000002e62ead06a8]
Event: 2.137 Thread 0x000002e642412c80  464       3       jdk.internal.org.objectweb.asm.Symbol::<init> (38 bytes)
Event: 2.137 Thread 0x000002e642412c80 nmethod 464 0x000002e62ead0790 code [0x000002e62ead0940, 0x000002e62ead0bd8]
Event: 2.137 Thread 0x000002e642412c80  467       3       jdk.internal.org.objectweb.asm.SymbolTable::put (150 bytes)
Event: 2.138 Thread 0x000002e642412c80 nmethod 467 0x000002e62ead0c90 code [0x000002e62ead0e80, 0x000002e62ead1718]
Event: 2.138 Thread 0x000002e642412c80  466       1       java.lang.invoke.MethodTypeForm::erasedType (5 bytes)
Event: 2.138 Thread 0x000002e642412c80 nmethod 466 0x000002e636514510 code [0x000002e6365146a0, 0x000002e636514758]
Event: 2.139 Thread 0x000002e642412c80  472       3       jdk.internal.org.objectweb.asm.Frame::execute (2305 bytes)

GC Heap History (0 events):
No events

Dll operation events (6 events):
Event: 0.025 Loaded shared library C:\Program Files\Java\jdk-19\bin\java.dll
Event: 0.043 Loaded shared library C:\Program Files\Java\jdk-19\bin\jsvml.dll
Event: 1.285 Loaded shared library C:\Program Files\Java\jdk-19\bin\net.dll
Event: 1.296 Loaded shared library C:\Program Files\Java\jdk-19\bin\nio.dll
Event: 1.322 Loaded shared library C:\Program Files\Java\jdk-19\bin\zip.dll
Event: 2.005 Loaded shared library C:\Program Files\Java\jdk-19\bin\jimage.dll

Deoptimization events (20 events):
Event: 1.781 Thread 0x000002e626adbb60 DEOPT PACKING pc=0x000002e6365027b0 sp=0x000000fffbcfd9c0
Event: 1.781 Thread 0x000002e626adbb60 DEOPT UNPACKING pc=0x000002e635fb6da3 sp=0x000000fffbcfd960 mode 2
Event: 1.781 Thread 0x000002e626adbb60 Uncommon trap: trap_request=0xffffff45 fr.pc=0x000002e6364fc070 relative=0x00000000000001d0
Event: 1.781 Thread 0x000002e626adbb60 Uncommon trap: reason=unstable_if action=reinterpret pc=0x000002e6364fc070 method=java.lang.String.hashCode()I @ 20 c2
Event: 1.781 Thread 0x000002e626adbb60 DEOPT PACKING pc=0x000002e6364fc070 sp=0x000000fffbcfda80
Event: 1.781 Thread 0x000002e626adbb60 DEOPT UNPACKING pc=0x000002e635fb6da3 sp=0x000000fffbcfda18 mode 2
Event: 1.781 Thread 0x000002e626adbb60 Uncommon trap: trap_request=0xffffff45 fr.pc=0x000002e6364f5b50 relative=0x0000000000000230
Event: 1.781 Thread 0x000002e626adbb60 Uncommon trap: reason=unstable_if action=reinterpret pc=0x000002e6364f5b50 method=java.util.zip.ZipCoder$UTF8ZipCoder.checkedHash([BII)I @ 27 c2
Event: 1.781 Thread 0x000002e626adbb60 DEOPT PACKING pc=0x000002e6364f5b50 sp=0x000000fffbcfdb70
Event: 1.781 Thread 0x000002e626adbb60 DEOPT UNPACKING pc=0x000002e635fb6da3 sp=0x000000fffbcfdb08 mode 2
Event: 1.781 Thread 0x000002e626adbb60 Uncommon trap: trap_request=0xffffff45 fr.pc=0x000002e6364f12fc relative=0x000000000000005c
Event: 1.781 Thread 0x000002e626adbb60 Uncommon trap: reason=unstable_if action=reinterpret pc=0x000002e6364f12fc method=java.lang.String.isLatin1()Z @ 10 c2
Event: 1.781 Thread 0x000002e626adbb60 DEOPT PACKING pc=0x000002e6364f12fc sp=0x000000fffbcfda30
Event: 1.781 Thread 0x000002e626adbb60 DEOPT UNPACKING pc=0x000002e635fb6da3 sp=0x000000fffbcfd9c0 mode 2
Event: 1.783 Thread 0x000002e626adbb60 Uncommon trap: trap_request=0xffffff45 fr.pc=0x000002e6364fa2f0 relative=0x00000000000001d0
Event: 1.783 Thread 0x000002e626adbb60 Uncommon trap: reason=unstable_if action=reinterpret pc=0x000002e6364fa2f0 method=java.lang.StringCoding.countPositives([BII)I @ 17 c2
Event: 1.783 Thread 0x000002e626adbb60 DEOPT PACKING pc=0x000002e6364fa2f0 sp=0x000000fffbcfd9c0
Event: 1.783 Thread 0x000002e626adbb60 DEOPT UNPACKING pc=0x000002e635fb6da3 sp=0x000000fffbcfd980 mode 2
Event: 2.059 Thread 0x000002e626adbb60 DEOPT PACKING pc=0x000002e62ea55a34 sp=0x000000fffbcfd6c0
Event: 2.059 Thread 0x000002e626adbb60 DEOPT UNPACKING pc=0x000002e635fb7543 sp=0x000000fffbcfcb30 mode 0

Classes loaded (20 events):
Event: 2.082 Loading class java/util/logging/LogManager$CloseOnReset
Event: 2.082 Loading class java/util/logging/LogManager$CloseOnReset done
Event: 2.103 Loading class sun/util/calendar/ZoneInfoFile$Checksum
Event: 2.103 Loading class sun/util/calendar/ZoneInfoFile$Checksum done
Event: 2.105 Loading class java/time/zone/ZoneRulesProvider
Event: 2.106 Loading class java/time/zone/ZoneRulesProvider done
Event: 2.106 Loading class java/time/zone/ZoneRulesProvider$1
Event: 2.106 Loading class java/time/zone/ZoneRulesProvider$1 done
Event: 2.107 Loading class java/time/zone/TzdbZoneRulesProvider
Event: 2.107 Loading class java/time/zone/TzdbZoneRulesProvider done
Event: 2.116 Loading class java/time/zone/Ser
Event: 2.117 Loading class java/io/Externalizable
Event: 2.117 Loading class java/io/Externalizable done
Event: 2.117 Loading class java/time/zone/Ser done
Event: 2.119 Loading class java/time/zone/ZoneOffsetTransition
Event: 2.120 Loading class java/time/zone/ZoneOffsetTransition done
Event: 2.127 Loading class java/time/ZonedDateTime
Event: 2.128 Loading class java/time/chrono/ChronoZonedDateTime
Event: 2.129 Loading class java/time/chrono/ChronoZonedDateTime done
Event: 2.129 Loading class java/time/ZonedDateTime done

Classes unloaded (0 events):
No events

Classes redefined (0 events):
No events

Internal exceptions (0 events):
No events

VM Operations (4 events):
Event: 1.057 Executing VM operation: Cleanup
Event: 1.057 Executing VM operation: Cleanup done
Event: 1.335 Executing VM operation: HandshakeAllThreads
Event: 1.335 Executing VM operation: HandshakeAllThreads done

Events (12 events):
Event: 0.043 Thread 0x000002e626adbb60 Thread added: 0x000002e626adbb60
Event: 0.113 Thread 0x000002e6423f7fc0 Thread added: 0x000002e6423f7fc0
Event: 0.114 Thread 0x000002e6423fa980 Thread added: 0x000002e6423fa980
Event: 0.120 Thread 0x000002e6423fc910 Thread added: 0x000002e6423fc910
Event: 0.120 Thread 0x000002e642400360 Thread added: 0x000002e642400360
Event: 0.120 Thread 0x000002e6424015d0 Thread added: 0x000002e6424015d0
Event: 0.120 Thread 0x000002e642402b20 Thread added: 0x000002e642402b20
Event: 0.121 Thread 0x000002e6424041a0 Thread added: 0x000002e6424041a0
Event: 0.121 Thread 0x000002e642412c80 Thread added: 0x000002e642412c80
Event: 0.121 Thread 0x000002e642427bc0 Thread added: 0x000002e642427bc0
Event: 1.213 Thread 0x000002e64689dd00 Thread added: 0x000002e64689dd00
Event: 1.249 Thread 0x000002e6468a0230 Thread added: 0x000002e6468a0230


Dynamic libraries:
0x00007ff7941c0000 - 0x00007ff7941d0000 	C:\Program Files\Java\jdk-19\bin\javaw.exe
0x00007ffb5e410000 - 0x00007ffb5e608000 	C:\Windows\SYSTEM32\ntdll.dll
0x00007ffb5cbf0000 - 0x00007ffb5ccad000 	C:\Windows\System32\KERNEL32.DLL
0x00007ffb5bd80000 - 0x00007ffb5c076000 	C:\Windows\System32\KERNELBASE.dll
0x00007ffb5c150000 - 0x00007ffb5c250000 	C:\Windows\System32\ucrtbase.dll
0x00007ffb50cf0000 - 0x00007ffb50d08000 	C:\Program Files\Java\jdk-19\bin\jli.dll
0x00007ffb5c560000 - 0x00007ffb5c610000 	C:\Windows\System32\ADVAPI32.dll
0x00007ffb47810000 - 0x00007ffb4782b000 	C:\Program Files\Java\jdk-19\bin\VCRUNTIME140.dll
0x00007ffb5d370000 - 0x00007ffb5d40e000 	C:\Windows\System32\msvcrt.dll
0x00007ffb5ccb0000 - 0x00007ffb5cd50000 	C:\Windows\System32\sechost.dll
0x00007ffb5d050000 - 0x00007ffb5d173000 	C:\Windows\System32\RPCRT4.dll
0x00007ffb5c080000 - 0x00007ffb5c0a7000 	C:\Windows\System32\bcrypt.dll
0x00007ffb5d430000 - 0x00007ffb5d5cf000 	C:\Windows\System32\USER32.dll
0x00007ffb3a080000 - 0x00007ffb3a31a000 	C:\Windows\WinSxS\amd64_microsoft.windows.common-controls_6595b64144ccf1df_6.0.19041.4355_none_60b8b9eb71f62e16\COMCTL32.dll
0x00007ffb5c0b0000 - 0x00007ffb5c0d2000 	C:\Windows\System32\win32u.dll
0x00007ffb5c450000 - 0x00007ffb5c47b000 	C:\Windows\System32\GDI32.dll
0x00007ffb5bc60000 - 0x00007ffb5bd77000 	C:\Windows\System32\gdi32full.dll
0x00007ffb5c3b0000 - 0x00007ffb5c44d000 	C:\Windows\System32\msvcp_win.dll
0x00007ffb54240000 - 0x00007ffb5424a000 	C:\Windows\SYSTEM32\VERSION.dll
0x00007ffb5ce70000 - 0x00007ffb5ce9f000 	C:\Windows\System32\IMM32.DLL
0x00007ffb55a40000 - 0x00007ffb55a4c000 	C:\Program Files\Java\jdk-19\bin\vcruntime140_1.dll
0x00007ffb3fcc0000 - 0x00007ffb3fd4e000 	C:\Program Files\Java\jdk-19\bin\msvcp140.dll
0x00007ffb15760000 - 0x00007ffb16420000 	C:\Program Files\Java\jdk-19\bin\server\jvm.dll
0x00007ffb4a600000 - 0x00007ffb4a627000 	C:\Windows\SYSTEM32\WINMM.dll
0x00007ffb57dc0000 - 0x00007ffb57dc9000 	C:\Windows\SYSTEM32\WSOCK32.dll
0x00007ffb5c820000 - 0x00007ffb5c88b000 	C:\Windows\System32\WS2_32.dll
0x00007ffb5a2e0000 - 0x00007ffb5a2f2000 	C:\Windows\SYSTEM32\kernel.appcore.dll
0x00007ffb559f0000 - 0x00007ffb559fa000 	C:\Program Files\Java\jdk-19\bin\jimage.dll
0x00007ffb5a000000 - 0x00007ffb5a1e4000 	C:\Windows\SYSTEM32\DBGHELP.DLL
0x00007ffb52a90000 - 0x00007ffb52ac4000 	C:\Windows\SYSTEM32\dbgcore.DLL
0x00007ffb5bb20000 - 0x00007ffb5bba2000 	C:\Windows\System32\bcryptPrimitives.dll
0x00007ffb363a0000 - 0x00007ffb363c6000 	C:\Program Files\Java\jdk-19\bin\java.dll
0x00007ffb28720000 - 0x00007ffb287f7000 	C:\Program Files\Java\jdk-19\bin\jsvml.dll
0x00007ffb5d7f0000 - 0x00007ffb5df5c000 	C:\Windows\System32\SHELL32.dll
0x00007ffb59850000 - 0x00007ffb59fed000 	C:\Windows\SYSTEM32\windows.storage.dll
0x00007ffb5c890000 - 0x00007ffb5cbe3000 	C:\Windows\System32\combase.dll
0x00007ffb5b4f0000 - 0x00007ffb5b51e000 	C:\Windows\SYSTEM32\Wldp.dll
0x00007ffb5d1e0000 - 0x00007ffb5d2ad000 	C:\Windows\System32\OLEAUT32.dll
0x00007ffb5cf90000 - 0x00007ffb5d03d000 	C:\Windows\System32\SHCORE.dll
0x00007ffb5d180000 - 0x00007ffb5d1d5000 	C:\Windows\System32\shlwapi.dll
0x00007ffb5ba00000 - 0x00007ffb5ba24000 	C:\Windows\SYSTEM32\profapi.dll
0x00007ffb47280000 - 0x00007ffb47293000 	C:\Program Files\Java\jdk-19\bin\net.dll
0x00007ffb52c90000 - 0x00007ffb52d9a000 	C:\Windows\SYSTEM32\WINHTTP.dll
0x00007ffb5b250000 - 0x00007ffb5b2ba000 	C:\Windows\system32\mswsock.dll
0x00007ffb40ac0000 - 0x00007ffb40ad6000 	C:\Program Files\Java\jdk-19\bin\nio.dll
0x00007ffb3fca0000 - 0x00007ffb3fcb8000 	C:\Program Files\Java\jdk-19\bin\zip.dll

dbghelp: loaded successfully - version: 4.0.5 - missing functions: none
symbol engine: initialized successfully - sym options: 0x614 - pdb path: .;C:\Program Files\Java\jdk-19\bin;C:\Windows\SYSTEM32;C:\Windows\WinSxS\amd64_microsoft.windows.common-controls_6595b64144ccf1df_6.0.19041.4355_none_60b8b9eb71f62e16;C:\Program Files\Java\jdk-19\bin\server

VM Arguments:
jvm_args: -Dfile.encoding=UTF-8 -XX:+ShowCodeDetailsInExceptionMessages 
java_command: cucumber.api.cli.Main C:/Users/HP/eclipse-workspace/automation_suite/src/test/java/automation_suite/feature/Test_Login_D001.feature --glue classpath: --plugin pretty --monochrome
java_class_path (initial): C:\Users\HP\eclipse-workspace\automation_suite\target\classes;C:\Users\HP\eclipse-workspace\automation_suite\target\test-classes;C:\Users\HP\.m2\repository\io\github\bonigarcia\webdrivermanager\5.7.0\webdrivermanager-5.7.0.jar;C:\Users\HP\.m2\repository\org\slf4j\slf4j-api\2.0.12\slf4j-api-2.0.12.jar;C:\Users\HP\.m2\repository\com\google\code\gson\gson\2.10.1\gson-2.10.1.jar;C:\Users\HP\.m2\repository\com\github\docker-java\docker-java\3.3.5\docker-java-3.3.5.jar;C:\Users\HP\.m2\repository\com\github\docker-java\docker-java-core\3.3.5\docker-java-core-3.3.5.jar;C:\Users\HP\.m2\repository\com\github\docker-java\docker-java-api\3.3.5\docker-java-api-3.3.5.jar;C:\Users\HP\.m2\repository\org\bouncycastle\bcpkix-jdk18on\1.76\bcpkix-jdk18on-1.76.jar;C:\Users\HP\.m2\repository\org\bouncycastle\bcprov-jdk18on\1.76\bcprov-jdk18on-1.76.jar;C:\Users\HP\.m2\repository\org\bouncycastle\bcutil-jdk18on\1.76\bcutil-jdk18on-1.76.jar;C:\Users\HP\.m2\repository\org\slf4j\jcl-over-slf4j\1.7.30\jcl-over-slf4j-1.7.30.jar;C:\Users\HP\.m2\repository\com\github\docker-java\docker-java-transport-httpclient5\3.3.5\docker-java-transport-httpclient5-3.3.5.jar;C:\Users\HP\.m2\repository\com\github\docker-java\docker-java-transport\3.3.5\docker-java-transport-3.3.5.jar;C:\Users\HP\.m2\repository\net\java\dev\jna\jna\5.13.0\jna-5.13.0.jar;C:\Users\HP\.m2\repository\org\brotli\dec\0.1.2\dec-0.1.2.jar;C:\Users\HP\.m2\repository\org\apache\commons\commons-lang3\3.14.0\commons-lang3-3.14.0.jar;C:\Users\HP\.m2\repository\org\apache\commons\commons-compress\1.26.0\commons-compress-1.26.0.jar;C:\Users\HP\.m2\repository\commons-io\commons-io\2.15.1\commons-io-2.15.1.jar;C:\Users\HP\.m2\repository\org\apache\httpcomponents\client5\httpclient5\5.2.1\httpclient5-5.2.1.jar;C:\Users\HP\.m2\repository\org\apache\httpcomponents\core5\httpcore5\5.2\httpcore5-5.2.jar;C:\Users\HP\.m2\repository\org\apache\httpcomponents\core5\httpcore5-h2\5.2\httpcore5-h2-5.2.jar;C:\Users\HP\.m2\repository\org\seleniumhq\selenium\selenium-java\4.18.1\selenium-java-4.18.1.jar;C:\Users\HP\.m2\repository\org\seleniumhq\selenium\selenium-api\4.18.1\selenium-api-4.18.1.jar;C:\Users\HP\.m2\repository\org\seleniumhq\selenium\selenium-chrome-driver\4.18.1\selenium-chrome-driver-4.18.1.jar;C:\Users\HP\.m2\repository\com\google\auto\service\auto-service-annotations\1.1.1\auto-service-annotations-1.1.1.jar;C:\Users\HP\.m2\repository\org\seleniumhq\selenium\selenium-chromium-driver\4.18.1\selenium-chromium-driver-4.18.1.jar;C:\Users\HP\.m2\repository\org\seleniumhq\selenium\selenium-json\4.18.1\selenium-json-4.18.1.jar;C:\Users\HP\.m2\repository\org\seleniumhq\selenium\selenium-manager\4.18.1\selenium-manager-4.18.1.jar;C:\Users\HP\.m2\repository\org\seleniumhq\selenium\selenium-devtools-v120\4.18.1\selenium-devtools-v120-4.18.1.jar;C:\Users\HP\.m2\repository\org\seleniumhq\selenium\selenium-devtools-v121\4.18.1\selenium-devtools-v121-4.18.1.jar;C:\Users\HP\.m2\repository\org\seleniumhq\selenium\selenium-devtools-v122\4.18.1\selenium-devtools-v122-4.18.1.jar;C:\Users\HP\.m2\repository\org\seleniumhq\selenium\selenium-devtools-v85\4.18.1\selenium-devtools-v85-4.18.1.jar;C:\Users\HP\.m2\repository\org\seleniumhq\selenium\selenium-edge-driver\4.18.1\selenium-edge-driver-4.18.1.jar;C:\Users\HP\.m2\repository\org\seleniumhq\selenium\selenium-firefox-driver\4.18.1\selenium-firefox-driver-4.18.1.jar;C:\Users\HP\.m2\repository\org\seleniumhq\selenium\selenium-http\4.18.1\selenium-http-4.18.1.jar;C:\Users\HP\.m2\repository\dev\failsafe\failsafe\3.3.2\failsafe-3.3.2.jar;C:\Users\HP\.m2\repository\org\seleniumhq\selenium\selenium-ie-driver\4.18.1\selenium-ie-driver-4.18.1.jar;C:\Users\HP\.m2\repository\org\seleniumhq\selenium\selenium-remote-driver\4.18.1\selenium-remote-driver-4.18.1.jar;C:\Users\HP\.m2\repository\com\google\guava\guava\33.0.0-jre\guava-33.0.0-jre.jar;C:\Users\HP\.m2\repository\com\google\guava\failureaccess\1.0.2\failureaccess-1.0.2.jar;C:\Users\HP\.m2\repository\com\google\guava\listenablefuture\9999.0-empty-to-avoid-conflict-with-guava\listenablefuture-9999.0-empty-to-avoid-conflict-with-guava.jar;C:\Users\HP\.m2\repository\com\google\code\findbugs\jsr305\3.0.2\jsr305-3.0.2.jar;C:\Users\HP\.m2\repository\org\checkerframework\checker-qual\3.41.0\checker-qual-3.41.0.jar;C:\Users\HP\.m2\repository\com\google\errorprone\error_prone_annotations\2.23.0\error_prone_annotations-2.23.0.jar;C:\Users\HP\.m2\repository\com\google\j2objc\j2objc-annotations\2.8\j2objc-annotations-2.8.jar;C:\Users\HP\.m2\repository\io\opentelemetry\semconv\opentelemetry-semconv\1.23.1-alpha\opentelemetry-semconv-1.23.1-alpha.jar;C:\Users\HP\.m2\repository\io\opentelemetry\opentelemetry-api\1.35.0\opentelemetry-api-1.35.0.jar;C:\Users\HP\.m2\repository\io\opentelemetry\opentelemetry-context\1.35.0\opentelemetry-context-1.35.0.jar;C:\Users\HP\.m2\repository\io\opentelemetry\opentelemetry-exporter-logging\1.35.0\opentelemetry-exporter-logging-1.35.0.jar;C:\Users\HP\.m2\repository\io\opentelemetry\opentelemetry-sdk-common\1.35.0\opentelemetry-sdk-common-1.35.0.jar;C:\Users\HP\.m2\repository\io\opentelemetry\opentelemetry-sdk-extension-autoconfigure-spi\1.35.0\opentelemetry-sdk-extension-autoconfigure-spi-1.35.0.jar;C:\Users\HP\.m2\repository\io\opentelemetry\opentelemetry-sdk-extension-autoconfigure\1.35.0\opentelemetry-sdk-extension-autoconfigure-1.35.0.jar;C:\Users\HP\.m2\repository\io\opentelemetry\opentelemetry-api-events\1.35.0-alpha\opentelemetry-api-events-1.35.0-alpha.jar;C:\Users\HP\.m2\repository\io\opentelemetry\opentelemetry-sdk-trace\1.35.0\opentelemetry-sdk-trace-1.35.0.jar;C:\Users\HP\.m2\repository\io\opentelemetry\opentelemetry-extension-incubator\1.35.0-alpha\opentelemetry-extension-incubator-1.35.0-alpha.jar;C:\Users\HP\.m2\repository\io\opentelemetry\opentelemetry-sdk\1.35.0\opentelemetry-sdk-1.35.0.jar;C:\Users\HP\.m2\repository\io\opentelemetry\opentelemetry-sdk-metrics\1.35.0\opentelemetry-sdk-metrics-1.35.0.jar;C:\Users\HP\.m2\repository\io\opentelemetry\opentelemetry-sdk-logs\1.35.0\opentelemetry-sdk-logs-1.35.0.jar;C:\Users\HP\.m2\repository\net\bytebuddy\byte-buddy\1.14.12\byte-buddy-1.14.12.jar;C:\Users\HP\.m2\repository\org\seleniumhq\selenium\selenium-os\4.18.1\selenium-os-4.18.1.jar;C:\Users\HP\.m2\repository\org\apache\commons\commons-exec\1.3\commons-exec-1.3.jar;C:\Users\HP\.m2\repository\org\seleniumhq\selenium\selenium-safari-driver\4.18.1\selenium-safari-driver-4.18.1.jar;C:\Users\HP\.m2\repository\org\seleniumhq\selenium\selenium-support\4.18.1\selenium-support-4.18.1.jar;C:\Users\HP\.m2\repository\org\testng\testng\7.9.0\testng-7.9.0.jar;C:\Users\HP\.m2\repository\com\beust\jcommander\1.82\jcommander-1.82.jar;C:\Users\HP\.m2\repository\org\webjars\jquery\3.7.1\jquery-3.7.1.jar;C:\Users\HP\.m2\repository\org\json\json\20240303\json-20240303.jar;C:\Users\HP\.m2\repository\com\googlecode\json-simple\json-simple\1.1.1\json-simple-1.1.1.jar;C:\Users\HP\.m2\repository\com\fasterxml\jackson\core\jackson-databind\2.17.1\jackson-databind-2.17.1.jar;C:\Users\HP\.m2\repository\com\fasterxml\jackson\core\jackson-annotations\2.17.1\jackson-annotations-2.17.1.jar;C:\Users\HP\.m2\repository\com\fasterxml\jackson\core\jackson-core\2.17.1\jackson-core-2.17.1.jar;C:\Users\HP\.m2\repository\com\aventstack\extentreports\5.1.1\extentreports-5.1.1.jar;C:\Users\HP\.m2\repository\io\reactivex\rxjava3\rxjava\3.1.6\rxjava-3.1.6.jar;C:\Users\HP\.m2\repository\org\reactivestreams\reactive-streams\1.0.4\reactive-streams-1.0.4.jar;C:\Users\HP\.m2\repository\org\freemarker\freemarker\2.3.32\freemarker-2.3.32.jar;C:\Users\HP\.m2\repository\org\projectlombok\lombok\1.18.26\lombok-1.18.26.jar;C:\Users\HP\.m2\repository\io\qameta\allure\allure-testng\2.27.0\allure-testng-2.27.0.jar;C:\Users\HP\.m2\repository\io\qameta\allure\allure-java-commons\2.27.0\allure-java-commons-2.27.0.jar;C:\Users\HP\.m2\repository\io\qameta\allure\allure-model\2.27.0\allure-model-2.27.0.jar;C:\Users\HP\.m2\repository\io\qameta\allure\allure-test-filter\2.27.0\allure-test-filter-2.27.0.jar;C:\Users\HP\.m2\repository\junit\junit\3.8.1\junit-3.8.1.jar;C:\Users\HP\.m2\repository\io\cucumber\cucumber-java\7.11.0\cucumber-java-7.11.0.jar;C:\Users\HP\.m2\repository\org\apiguardian\apiguardian-api\1.1.2\apiguardian-api-1.1.2.jar;C:\Users\HP\.m2\repository\io\cucumber\cucumber-testng\7.11.0\cucumber-testng-7.11.0.jar;C:\Users\HP\.m2\repository\io\cucumber\cucumber-core\7.11.0\cucumber-core-7.11.0.jar;C:\Users\HP\.m2\repository\io\cucumber\cucumber-gherkin\7.11.0\cucumber-gherkin-7.11.0.jar;C:\Users\HP\.m2\repository\io\cucumber\cucumber-gherkin-messages\7.11.0\cucumber-gherkin-messages-7.11.0.jar;C:\Users\HP\.m2\repository\io\cucumber\gherkin\26.0.3\gherkin-26.0.3.jar;C:\Users\HP\.m2\repository\io\cucumber\messages\21.0.1\messages-21.0.1.jar;C:\Users\HP\.m2\repository\io\cucumber\tag-expressions\5.0.1\tag-expressions-5.0.1.jar;C:\Users\HP\.m2\repository\io\cucumber\cucumber-expressions\16.1.1\cucumber-expressions-16.1.1.jar;C:\Users\HP\.m2\repository\io\cucumber\datatable\7.11.0\datatable-7.11.0.jar;C:\Users\HP\.m2\repository\io\cucumber\cucumber-plugin\7.11.0\cucumber-plugin-7.11.0.jar;C:\Users\HP\.m2\repository\io\cucumber\docstring\7.11.0\docstring-7.11.0.jar;C:\Users\HP\.m2\repository\io\cucumber\html-formatter\20.2.1\html-formatter-20.2.1.jar;C:\Users\HP\.m2\repository\io\cucumber\junit-xml-formatter\0.1.0\junit-xml-formatter-0.1.0.jar;C:\Users\HP\.m2\repository\io\cucumber\ci-environment\9.1.0\ci-environment-9.1.0.jar;C:\Users\HP\.m2\repository\io\cucumber\cucumber-picocontainer\7.11.0\cucumber-picocontainer-7.11.0.jar;C:\Users\HP\.m2\repository\org\picocontainer\picocontainer\2.15\picocontainer-2.15.jar;C:\Users\HP\.p2\pool\plugins\org.testng_7.9.0.r202312310341.jar;C:\Users\HP\.p2\pool\plugins\com.beust.jcommander_1.82.0.jar;C:\Users\HP\.p2\pool\plugins\org.apache-extras.beanshell.bsh_2.0.0.b6.jar;C:\Users\HP\.p2\pool\plugins\org.yaml.snakeyaml_1.27.0.v20201111-1638.jar;C:\Users\HP\.p2\pool\plugins\org.webjars.jquery_3.7.1.jar
Launcher Type: SUN_STANDARD

[Global flags]
     intx CICompilerCount                          = 3                                         {product} {ergonomic}
     uint ConcGCThreads                            = 1                                         {product} {ergonomic}
     uint G1ConcRefinementThreads                  = 4                                         {product} {ergonomic}
   size_t G1HeapRegionSize                         = 1048576                                   {product} {ergonomic}
    uintx GCDrainStackTargetSize                   = 64                                        {product} {ergonomic}
   size_t InitialHeapSize                          = 67108864                                  {product} {ergonomic}
   size_t MarkStackSize                            = 4194304                                   {product} {ergonomic}
   size_t MaxHeapSize                              = 1050673152                                {product} {ergonomic}
   size_t MaxNewSize                               = 630194176                                 {product} {ergonomic}
   size_t MinHeapDeltaBytes                        = 1048576                                   {product} {ergonomic}
   size_t MinHeapSize                              = 8388608                                   {product} {ergonomic}
    uintx NonNMethodCodeHeapSize                   = 5832780                                {pd product} {ergonomic}
    uintx NonProfiledCodeHeapSize                  = 122912730                              {pd product} {ergonomic}
    uintx ProfiledCodeHeapSize                     = 122912730                              {pd product} {ergonomic}
    uintx ReservedCodeCacheSize                    = 251658240                              {pd product} {ergonomic}
     bool SegmentedCodeCache                       = true                                      {product} {ergonomic}
     bool ShowCodeDetailsInExceptionMessages       = true                                   {manageable} {command line}
   size_t SoftMaxHeapSize                          = 1050673152                             {manageable} {ergonomic}
     bool UseCompressedClassPointers               = true                           {product lp64_product} {ergonomic}
     bool UseCompressedOops                        = true                           {product lp64_product} {ergonomic}
     bool UseG1GC                                  = true                                      {product} {ergonomic}
     bool UseLargePagesIndividualAllocation        = false                                  {pd product} {ergonomic}

Logging:
Log output configuration:
 #0: stdout all=warning uptime,level,tags foldmultilines=false
 #1: stderr all=off uptime,level,tags foldmultilines=false

Environment Variables:
JAVA_HOME=C:\Program Files\Java\jdk-21
PATH=C:/Users/HP/.p2/pool/plugins/org.eclipse.justj.openjdk.hotspot.jre.full.win32.x86_64_17.0.3.v20220515-1416/jre/bin/server;C:/Users/HP/.p2/pool/plugins/org.eclipse.justj.openjdk.hotspot.jre.full.win32.x86_64_17.0.3.v20220515-1416/jre/bin;C:\Python311\Scripts\;C:\Python311\;C:\Program Files\Common Files\Oracle\Java\javapath;C:\Windows\system32;C:\Windows;C:\Windows\System32\Wbem;C:\Windows\System32\WindowsPowerShell\v1.0\;C:\Windows\System32\OpenSSH\;C:\Program Files (x86)\NVIDIA Corporation\PhysX\Common;C:\Users\HP\AppData\Local\Programs\Python\Python39\Scripts;C:\Users\HP\AppData\Local\Programs\Python\Python39;C:\Program Files\nodejs\;C:\ProgramData\chocolatey\bin;D:\other\allure-2.24.0\allure-2.24.0\bin;C:\apache-maven-3.9.4-bin\apache-maven-3.9.4\bin;C:\Program Files\Java\jdk-21\bin;D:\Git\cmd;C:\allure-2.29.0\bin;C:\Program Files\MySQL\MySQL Shell 8.0\bin\;C:\Users\HP\AppData\Local\Microsoft\WindowsApps;C:\Users\HP\OneDrive\Desktop\chromedriver_win32;C:\Users\HP\Downloads\chromedriver_win32 (2);C:\Users\HP\AppData\Local\Programs\Microsoft VS Code\bin;C:\Users\HP\AppData\Roaming\npm;C:\Program Files\Java\jdk-21\bin;C:\Program Files\Java\jdk-21\bin;;C:\Windows\System32;
USERNAME=HP
OS=Windows_NT
PROCESSOR_IDENTIFIER=Intel64 Family 6 Model 142 Stepping 9, GenuineIntel
TMP=C:\Users\HP\AppData\Local\Temp
TEMP=C:\Users\HP\AppData\Local\Temp



---------------  S Y S T E M  ---------------

OS:
 Windows 10 , 64 bit Build 19041 (10.0.19041.3636)
OS uptime: 6 days 1:24 hours

CPU: total 4 (initial active 4) (2 cores per cpu, 2 threads per core) family 6 model 142 stepping 9 microcode 0xde, cx8, cmov, fxsr, ht, mmx, 3dnowpref, sse, sse2, sse3, ssse3, sse4.1, sse4.2, popcnt, lzcnt, tsc, tscinvbit, avx, avx2, aes, erms, clmul, bmi1, bmi2, adx, fma, vzeroupper, clflush, clflushopt, rdtscp

Memory: 4k page, system-wide physical 4007M (31M free)
TotalPageFile size 16295M (AvailPageFile size 0M)
current process WorkingSet (physical memory assigned to process): 45M, peak: 45M
current process commit charge ("private bytes"): 141M, peak: 141M

vm_info: Java HotSpot(TM) 64-Bit Server VM (19+36-2238) for windows-amd64 JRE (19+36-2238), built on 2022-08-12T20:29:01Z by "mach5one" with MS VC++ 17.1 (VS2022)

END.
